2023-01-02 18:25:08 INFO  SupplyCrmApplication:13 - Start CRM
2023-01-02 18:25:32 ERROR ErrorCrmController:28 - Resource not found
2023-01-02 18:28:54 INFO  SupplyCrmApplication:13 - Start CRM
2023-01-02 18:29:08 ERROR ErrorCrmController:23 - Bad request
2023-01-02 18:29:37 INFO  SupplyCrmApplication:13 - Start CRM
2023-01-02 18:31:38 INFO  SupplyCrmApplication:13 - Start CRM
2023-01-02 19:29:23 INFO  SupplyCrmApplication:13 - Start CRM
2023-01-02 19:30:39 INFO  SupplyCrmApplication:13 - Start CRM
2023-01-02 19:31:33 INFO  SupplyCrmApplication:13 - Start CRM
2023-01-02 19:32:04 INFO  SupplyCrmApplication:13 - Start CRM
2023-01-02 19:33:47 INFO  SupplyCrmApplication:13 - Start CRM
2023-01-02 19:33:55 ERROR ErrorCrmController:35 - General error
2023-01-02 19:35:50 INFO  SupplyCrmApplication:13 - Start CRM
2023-01-02 19:36:30 INFO  SupplyCrmApplication:13 - Start CRM
2023-01-02 19:37:43 INFO  SupplyCrmApplication:13 - Start CRM
2023-01-02 19:47:17 INFO  SupplyCrmApplication:13 - Start CRM
2023-01-02 19:47:53 INFO  SupplyCrmApplication:13 - Start CRM
2023-01-02 19:48:47 INFO  SupplyCrmApplication:13 - Start CRM
2023-01-02 19:50:20 INFO  SupplyCrmApplication:13 - Start CRM
2023-01-02 19:50:25 ERROR ErrorCrmController:24 - Access denied
2023-01-02 19:50:25 ERROR ErrorCrmController:24 - Access denied
2023-01-02 19:51:03 INFO  SupplyCrmApplication:13 - Start CRM
2023-01-02 19:51:14 INFO  SupplyCrmApplication:13 - Start CRM
2023-01-02 19:51:20 ERROR ErrorCrmController:25 - Access denied
2023-01-02 19:52:01 ERROR ErrorCrmController:28 - Resource not found
2023-01-02 19:58:34 ERROR ErrorCrmController:25 - Access denied
2023-01-02 20:08:28 ERROR ErrorCrmController:28 - Resource not found
2023-01-02 20:09:14 INFO  SupplyCrmApplication:13 - Start CRM
2023-01-02 20:14:15 INFO  SupplyCrmApplication:13 - Start CRM
2023-01-02 20:15:34 ERROR ErrorCrmController:27 - Resource not found
2023-01-02 20:15:40 ERROR ErrorCrmController:27 - Resource not found
2023-01-02 20:15:45 ERROR ErrorCrmController:27 - Resource not found
2023-01-02 20:15:52 ERROR ErrorCrmController:27 - Resource not found
2023-01-02 20:15:57 ERROR ErrorCrmController:27 - Resource not found
2023-01-02 20:16:11 ERROR ErrorCrmController:27 - Resource not found
2023-01-02 20:16:19 ERROR ErrorCrmController:27 - Resource not found
2023-01-02 20:16:26 ERROR ErrorCrmController:27 - Resource not found
2023-01-02 20:16:51 ERROR ErrorCrmController:34 - General error
2023-01-02 20:17:32 INFO  SupplyCrmApplication:13 - Start CRM
2023-01-02 20:17:36 ERROR ErrorCrmController:34 - General error
2023-01-02 20:17:40 ERROR ErrorCrmController:27 - Resource not found
2023-01-02 20:17:46 ERROR ErrorCrmController:27 - Resource not found
2023-01-02 20:17:50 ERROR ErrorCrmController:27 - Resource not found
2023-01-02 20:18:19 ERROR ErrorCrmController:34 - General error
2023-01-02 20:18:19 ERROR ErrorCrmController:34 - General error
2023-01-02 20:18:23 ERROR ErrorCrmController:27 - Resource not found
2023-01-02 20:18:44 ERROR ErrorCrmController:27 - Resource not found
2023-01-02 20:18:48 ERROR ErrorCrmController:27 - Resource not found
2023-01-02 20:18:56 ERROR ErrorCrmController:24 - Access denied
2023-01-02 20:19:04 ERROR ErrorCrmController:27 - Resource not found
2023-01-02 20:19:05 ERROR ErrorCrmController:27 - Resource not found
2023-01-02 20:19:05 ERROR ErrorCrmController:27 - Resource not found
2023-01-02 20:21:45 INFO  SupplyCrmApplication:13 - Start CRM
2023-01-02 20:23:01 INFO  SupplyCrmApplication:13 - Start CRM
2023-01-02 20:23:09 ERROR ErrorCrmController:26 - Access denied
2023-01-02 20:23:37 INFO  SupplyCrmApplication:13 - Start CRM
2023-01-02 20:23:58 ERROR ErrorCrmController:26 - Access denied
2023-01-03 09:40:48 INFO  SupplyCrmApplication:13 - Start CRM
2023-01-03 09:41:09 ERROR ItemServiceImpl:35 - Item not found
com.ws.crm.exceptions.ResourceNotFoundException
	at java.base/java.util.Optional.orElseThrow(Optional.java:403)
	at com.ws.crm.services.implementations.ItemServiceImpl.getItemById(ItemServiceImpl.java:33)
	at com.ws.crm.controllers.ItemsController.getItemById(ItemsController.java:39)
	at java.base/jdk.internal.reflect.DirectMethodHandleAccessor.invoke(DirectMethodHandleAccessor.java:104)
	at java.base/java.lang.reflect.Method.invoke(Method.java:577)
	at org.springframework.web.method.support.InvocableHandlerMethod.doInvoke(InvocableHandlerMethod.java:207)
	at org.springframework.web.method.support.InvocableHandlerMethod.invokeForRequest(InvocableHandlerMethod.java:152)
	at org.springframework.web.servlet.mvc.method.annotation.ServletInvocableHandlerMethod.invokeAndHandle(ServletInvocableHandlerMethod.java:117)
	at org.springframework.web.servlet.mvc.method.annotation.RequestMappingHandlerAdapter.invokeHandlerMethod(RequestMappingHandlerAdapter.java:884)
	at org.springframework.web.servlet.mvc.method.annotation.RequestMappingHandlerAdapter.handleInternal(RequestMappingHandlerAdapter.java:797)
	at org.springframework.web.servlet.mvc.method.AbstractHandlerMethodAdapter.handle(AbstractHandlerMethodAdapter.java:87)
	at org.springframework.web.servlet.DispatcherServlet.doDispatch(DispatcherServlet.java:1080)
	at org.springframework.web.servlet.DispatcherServlet.doService(DispatcherServlet.java:973)
	at org.springframework.web.servlet.FrameworkServlet.processRequest(FrameworkServlet.java:1003)
	at org.springframework.web.servlet.FrameworkServlet.doGet(FrameworkServlet.java:895)
	at jakarta.servlet.http.HttpServlet.service(HttpServlet.java:705)
	at org.springframework.web.servlet.FrameworkServlet.service(FrameworkServlet.java:880)
	at jakarta.servlet.http.HttpServlet.service(HttpServlet.java:814)
	at org.apache.catalina.core.ApplicationFilterChain.internalDoFilter(ApplicationFilterChain.java:223)
	at org.apache.catalina.core.ApplicationFilterChain.doFilter(ApplicationFilterChain.java:158)
	at org.apache.tomcat.websocket.server.WsFilter.doFilter(WsFilter.java:53)
	at org.apache.catalina.core.ApplicationFilterChain.internalDoFilter(ApplicationFilterChain.java:185)
	at org.apache.catalina.core.ApplicationFilterChain.doFilter(ApplicationFilterChain.java:158)
	at org.springframework.security.web.FilterChainProxy.lambda$doFilterInternal$3(FilterChainProxy.java:231)
	at org.springframework.security.web.ObservationFilterChainDecorator$FilterObservation$SimpleFilterObservation.lambda$wrap$1(ObservationFilterChainDecorator.java:397)
	at org.springframework.security.web.ObservationFilterChainDecorator$AroundFilterObservation$SimpleAroundFilterObservation.lambda$wrap$1(ObservationFilterChainDecorator.java:295)
	at org.springframework.security.web.ObservationFilterChainDecorator.lambda$wrapSecured$0(ObservationFilterChainDecorator.java:79)
	at org.springframework.security.web.ObservationFilterChainDecorator$VirtualFilterChain.doFilter(ObservationFilterChainDecorator.java:125)
	at org.springframework.security.web.access.intercept.AuthorizationFilter.doFilter(AuthorizationFilter.java:100)
	at org.springframework.security.web.ObservationFilterChainDecorator$ObservationFilter.wrapFilter(ObservationFilterChainDecorator.java:185)
	at org.springframework.security.web.ObservationFilterChainDecorator$ObservationFilter.doFilter(ObservationFilterChainDecorator.java:173)
	at org.springframework.security.web.ObservationFilterChainDecorator$VirtualFilterChain.doFilter(ObservationFilterChainDecorator.java:134)
	at org.springframework.security.web.access.ExceptionTranslationFilter.doFilter(ExceptionTranslationFilter.java:126)
	at org.springframework.security.web.access.ExceptionTranslationFilter.doFilter(ExceptionTranslationFilter.java:120)
	at org.springframework.security.web.ObservationFilterChainDecorator$ObservationFilter.wrapFilter(ObservationFilterChainDecorator.java:185)
	at org.springframework.security.web.ObservationFilterChainDecorator$ObservationFilter.doFilter(ObservationFilterChainDecorator.java:173)
	at org.springframework.security.web.ObservationFilterChainDecorator$VirtualFilterChain.doFilter(ObservationFilterChainDecorator.java:134)
	at org.springframework.security.web.authentication.AnonymousAuthenticationFilter.doFilter(AnonymousAuthenticationFilter.java:100)
	at org.springframework.security.web.ObservationFilterChainDecorator$ObservationFilter.wrapFilter(ObservationFilterChainDecorator.java:185)
	at org.springframework.security.web.ObservationFilterChainDecorator$ObservationFilter.doFilter(ObservationFilterChainDecorator.java:173)
	at org.springframework.security.web.ObservationFilterChainDecorator$VirtualFilterChain.doFilter(ObservationFilterChainDecorator.java:134)
	at org.springframework.security.web.servletapi.SecurityContextHolderAwareRequestFilter.doFilter(SecurityContextHolderAwareRequestFilter.java:179)
	at org.springframework.security.web.ObservationFilterChainDecorator$ObservationFilter.wrapFilter(ObservationFilterChainDecorator.java:185)
	at org.springframework.security.web.ObservationFilterChainDecorator$ObservationFilter.doFilter(ObservationFilterChainDecorator.java:173)
	at org.springframework.security.web.ObservationFilterChainDecorator$VirtualFilterChain.doFilter(ObservationFilterChainDecorator.java:134)
	at org.springframework.security.web.savedrequest.RequestCacheAwareFilter.doFilter(RequestCacheAwareFilter.java:63)
	at org.springframework.security.web.ObservationFilterChainDecorator$ObservationFilter.wrapFilter(ObservationFilterChainDecorator.java:185)
	at org.springframework.security.web.ObservationFilterChainDecorator$ObservationFilter.doFilter(ObservationFilterChainDecorator.java:173)
	at org.springframework.security.web.ObservationFilterChainDecorator$VirtualFilterChain.doFilter(ObservationFilterChainDecorator.java:134)
	at org.springframework.security.web.authentication.AbstractAuthenticationProcessingFilter.doFilter(AbstractAuthenticationProcessingFilter.java:227)
	at org.springframework.security.web.authentication.AbstractAuthenticationProcessingFilter.doFilter(AbstractAuthenticationProcessingFilter.java:221)
	at org.springframework.security.web.ObservationFilterChainDecorator$ObservationFilter.wrapFilter(ObservationFilterChainDecorator.java:185)
	at org.springframework.security.web.ObservationFilterChainDecorator$ObservationFilter.doFilter(ObservationFilterChainDecorator.java:173)
	at org.springframework.security.web.ObservationFilterChainDecorator$VirtualFilterChain.doFilter(ObservationFilterChainDecorator.java:134)
	at org.springframework.security.web.authentication.logout.LogoutFilter.doFilter(LogoutFilter.java:107)
	at org.springframework.security.web.authentication.logout.LogoutFilter.doFilter(LogoutFilter.java:93)
	at org.springframework.security.web.ObservationFilterChainDecorator$ObservationFilter.wrapFilter(ObservationFilterChainDecorator.java:185)
	at org.springframework.security.web.ObservationFilterChainDecorator$ObservationFilter.doFilter(ObservationFilterChainDecorator.java:173)
	at org.springframework.security.web.ObservationFilterChainDecorator$VirtualFilterChain.doFilter(ObservationFilterChainDecorator.java:134)
	at org.springframework.security.web.csrf.CsrfFilter.doFilterInternal(CsrfFilter.java:116)
	at org.springframework.web.filter.OncePerRequestFilter.doFilter(OncePerRequestFilter.java:116)
	at org.springframework.security.web.ObservationFilterChainDecorator$ObservationFilter.wrapFilter(ObservationFilterChainDecorator.java:185)
	at org.springframework.security.web.ObservationFilterChainDecorator$ObservationFilter.doFilter(ObservationFilterChainDecorator.java:173)
	at org.springframework.security.web.ObservationFilterChainDecorator$VirtualFilterChain.doFilter(ObservationFilterChainDecorator.java:134)
	at org.springframework.security.web.header.HeaderWriterFilter.doHeadersAfter(HeaderWriterFilter.java:90)
	at org.springframework.security.web.header.HeaderWriterFilter.doFilterInternal(HeaderWriterFilter.java:75)
	at org.springframework.web.filter.OncePerRequestFilter.doFilter(OncePerRequestFilter.java:116)
	at org.springframework.security.web.ObservationFilterChainDecorator$ObservationFilter.wrapFilter(ObservationFilterChainDecorator.java:185)
	at org.springframework.security.web.ObservationFilterChainDecorator$ObservationFilter.doFilter(ObservationFilterChainDecorator.java:173)
	at org.springframework.security.web.ObservationFilterChainDecorator$VirtualFilterChain.doFilter(ObservationFilterChainDecorator.java:134)
	at org.springframework.security.web.context.SecurityContextHolderFilter.doFilterInternal(SecurityContextHolderFilter.java:69)
	at org.springframework.web.filter.OncePerRequestFilter.doFilter(OncePerRequestFilter.java:116)
	at org.springframework.security.web.ObservationFilterChainDecorator$ObservationFilter.wrapFilter(ObservationFilterChainDecorator.java:185)
	at org.springframework.security.web.ObservationFilterChainDecorator$ObservationFilter.doFilter(ObservationFilterChainDecorator.java:173)
	at org.springframework.security.web.ObservationFilterChainDecorator$VirtualFilterChain.doFilter(ObservationFilterChainDecorator.java:134)
	at org.springframework.security.web.context.request.async.WebAsyncManagerIntegrationFilter.doFilterInternal(WebAsyncManagerIntegrationFilter.java:62)
	at org.springframework.web.filter.OncePerRequestFilter.doFilter(OncePerRequestFilter.java:116)
	at org.springframework.security.web.ObservationFilterChainDecorator$ObservationFilter.wrapFilter(ObservationFilterChainDecorator.java:185)
	at org.springframework.security.web.ObservationFilterChainDecorator$ObservationFilter.doFilter(ObservationFilterChainDecorator.java:173)
	at org.springframework.security.web.ObservationFilterChainDecorator$VirtualFilterChain.doFilter(ObservationFilterChainDecorator.java:134)
	at org.springframework.security.web.session.DisableEncodeUrlFilter.doFilterInternal(DisableEncodeUrlFilter.java:42)
	at org.springframework.web.filter.OncePerRequestFilter.doFilter(OncePerRequestFilter.java:116)
	at org.springframework.security.web.ObservationFilterChainDecorator$ObservationFilter.wrapFilter(ObservationFilterChainDecorator.java:185)
	at org.springframework.security.web.ObservationFilterChainDecorator$AroundFilterObservation$SimpleAroundFilterObservation.lambda$wrap$0(ObservationFilterChainDecorator.java:278)
	at org.springframework.security.web.ObservationFilterChainDecorator$ObservationFilter.doFilter(ObservationFilterChainDecorator.java:170)
	at org.springframework.security.web.ObservationFilterChainDecorator$VirtualFilterChain.doFilter(ObservationFilterChainDecorator.java:134)
	at org.springframework.security.web.FilterChainProxy.doFilterInternal(FilterChainProxy.java:233)
	at org.springframework.security.web.FilterChainProxy.doFilter(FilterChainProxy.java:191)
	at org.springframework.web.filter.DelegatingFilterProxy.invokeDelegate(DelegatingFilterProxy.java:351)
	at org.springframework.web.filter.DelegatingFilterProxy.doFilter(DelegatingFilterProxy.java:267)
	at org.apache.catalina.core.ApplicationFilterChain.internalDoFilter(ApplicationFilterChain.java:185)
	at org.apache.catalina.core.ApplicationFilterChain.doFilter(ApplicationFilterChain.java:158)
	at org.springframework.web.filter.RequestContextFilter.doFilterInternal(RequestContextFilter.java:100)
	at org.springframework.web.filter.OncePerRequestFilter.doFilter(OncePerRequestFilter.java:116)
	at org.apache.catalina.core.ApplicationFilterChain.internalDoFilter(ApplicationFilterChain.java:185)
	at org.apache.catalina.core.ApplicationFilterChain.doFilter(ApplicationFilterChain.java:158)
	at org.springframework.web.filter.FormContentFilter.doFilterInternal(FormContentFilter.java:93)
	at org.springframework.web.filter.OncePerRequestFilter.doFilter(OncePerRequestFilter.java:116)
	at org.apache.catalina.core.ApplicationFilterChain.internalDoFilter(ApplicationFilterChain.java:185)
	at org.apache.catalina.core.ApplicationFilterChain.doFilter(ApplicationFilterChain.java:158)
	at org.springframework.web.filter.HiddenHttpMethodFilter.doFilterInternal(HiddenHttpMethodFilter.java:91)
	at org.springframework.web.filter.OncePerRequestFilter.doFilter(OncePerRequestFilter.java:116)
	at org.apache.catalina.core.ApplicationFilterChain.internalDoFilter(ApplicationFilterChain.java:185)
	at org.apache.catalina.core.ApplicationFilterChain.doFilter(ApplicationFilterChain.java:158)
	at org.springframework.web.filter.ServerHttpObservationFilter.doFilterInternal(ServerHttpObservationFilter.java:109)
	at org.springframework.web.filter.OncePerRequestFilter.doFilter(OncePerRequestFilter.java:116)
	at org.apache.catalina.core.ApplicationFilterChain.internalDoFilter(ApplicationFilterChain.java:185)
	at org.apache.catalina.core.ApplicationFilterChain.doFilter(ApplicationFilterChain.java:158)
	at org.springframework.web.filter.CharacterEncodingFilter.doFilterInternal(CharacterEncodingFilter.java:201)
	at org.springframework.web.filter.OncePerRequestFilter.doFilter(OncePerRequestFilter.java:116)
	at org.apache.catalina.core.ApplicationFilterChain.internalDoFilter(ApplicationFilterChain.java:185)
	at org.apache.catalina.core.ApplicationFilterChain.doFilter(ApplicationFilterChain.java:158)
	at org.apache.catalina.core.StandardWrapperValve.invoke(StandardWrapperValve.java:197)
	at org.apache.catalina.core.StandardContextValve.invoke(StandardContextValve.java:97)
	at org.apache.catalina.authenticator.AuthenticatorBase.invoke(AuthenticatorBase.java:542)
	at org.apache.catalina.core.StandardHostValve.invoke(StandardHostValve.java:119)
	at org.apache.catalina.valves.ErrorReportValve.invoke(ErrorReportValve.java:92)
	at org.apache.catalina.core.StandardEngineValve.invoke(StandardEngineValve.java:78)
	at org.apache.catalina.connector.CoyoteAdapter.service(CoyoteAdapter.java:357)
	at org.apache.coyote.http11.Http11Processor.service(Http11Processor.java:400)
	at org.apache.coyote.AbstractProcessorLight.process(AbstractProcessorLight.java:65)
	at org.apache.coyote.AbstractProtocol$ConnectionHandler.process(AbstractProtocol.java:861)
	at org.apache.tomcat.util.net.NioEndpoint$SocketProcessor.doRun(NioEndpoint.java:1739)
	at org.apache.tomcat.util.net.SocketProcessorBase.run(SocketProcessorBase.java:52)
	at org.apache.tomcat.util.threads.ThreadPoolExecutor.runWorker(ThreadPoolExecutor.java:1191)
	at org.apache.tomcat.util.threads.ThreadPoolExecutor$Worker.run(ThreadPoolExecutor.java:659)
	at org.apache.tomcat.util.threads.TaskThread$WrappingRunnable.run(TaskThread.java:61)
	at java.base/java.lang.Thread.run(Thread.java:833)
2023-01-03 09:41:09 ERROR ErrorCrmController:28 - Resource not found
2023-01-03 10:04:25 INFO  SupplyCrmApplication:13 - Start CRM
2023-01-03 10:04:39 ERROR ItemServiceImpl:35 - Item not found
com.ws.crm.exceptions.ResourceNotFoundException
	at java.base/java.util.Optional.orElseThrow(Optional.java:403)
	at com.ws.crm.services.implementations.ItemServiceImpl.getItemById(ItemServiceImpl.java:33)
	at com.ws.crm.controllers.ItemsController.getItemById(ItemsController.java:44)
	at java.base/jdk.internal.reflect.DirectMethodHandleAccessor.invoke(DirectMethodHandleAccessor.java:104)
	at java.base/java.lang.reflect.Method.invoke(Method.java:577)
	at org.springframework.web.method.support.InvocableHandlerMethod.doInvoke(InvocableHandlerMethod.java:207)
	at org.springframework.web.method.support.InvocableHandlerMethod.invokeForRequest(InvocableHandlerMethod.java:152)
	at org.springframework.web.servlet.mvc.method.annotation.ServletInvocableHandlerMethod.invokeAndHandle(ServletInvocableHandlerMethod.java:117)
	at org.springframework.web.servlet.mvc.method.annotation.RequestMappingHandlerAdapter.invokeHandlerMethod(RequestMappingHandlerAdapter.java:884)
	at org.springframework.web.servlet.mvc.method.annotation.RequestMappingHandlerAdapter.handleInternal(RequestMappingHandlerAdapter.java:797)
	at org.springframework.web.servlet.mvc.method.AbstractHandlerMethodAdapter.handle(AbstractHandlerMethodAdapter.java:87)
	at org.springframework.web.servlet.DispatcherServlet.doDispatch(DispatcherServlet.java:1080)
	at org.springframework.web.servlet.DispatcherServlet.doService(DispatcherServlet.java:973)
	at org.springframework.web.servlet.FrameworkServlet.processRequest(FrameworkServlet.java:1003)
	at org.springframework.web.servlet.FrameworkServlet.doGet(FrameworkServlet.java:895)
	at jakarta.servlet.http.HttpServlet.service(HttpServlet.java:705)
	at org.springframework.web.servlet.FrameworkServlet.service(FrameworkServlet.java:880)
	at jakarta.servlet.http.HttpServlet.service(HttpServlet.java:814)
	at org.apache.catalina.core.ApplicationFilterChain.internalDoFilter(ApplicationFilterChain.java:223)
	at org.apache.catalina.core.ApplicationFilterChain.doFilter(ApplicationFilterChain.java:158)
	at org.apache.tomcat.websocket.server.WsFilter.doFilter(WsFilter.java:53)
	at org.apache.catalina.core.ApplicationFilterChain.internalDoFilter(ApplicationFilterChain.java:185)
	at org.apache.catalina.core.ApplicationFilterChain.doFilter(ApplicationFilterChain.java:158)
	at org.springframework.security.web.FilterChainProxy.lambda$doFilterInternal$3(FilterChainProxy.java:231)
	at org.springframework.security.web.ObservationFilterChainDecorator$FilterObservation$SimpleFilterObservation.lambda$wrap$1(ObservationFilterChainDecorator.java:397)
	at org.springframework.security.web.ObservationFilterChainDecorator$AroundFilterObservation$SimpleAroundFilterObservation.lambda$wrap$1(ObservationFilterChainDecorator.java:295)
	at org.springframework.security.web.ObservationFilterChainDecorator.lambda$wrapSecured$0(ObservationFilterChainDecorator.java:79)
	at org.springframework.security.web.ObservationFilterChainDecorator$VirtualFilterChain.doFilter(ObservationFilterChainDecorator.java:125)
	at org.springframework.security.web.access.intercept.AuthorizationFilter.doFilter(AuthorizationFilter.java:100)
	at org.springframework.security.web.ObservationFilterChainDecorator$ObservationFilter.wrapFilter(ObservationFilterChainDecorator.java:185)
	at org.springframework.security.web.ObservationFilterChainDecorator$ObservationFilter.doFilter(ObservationFilterChainDecorator.java:173)
	at org.springframework.security.web.ObservationFilterChainDecorator$VirtualFilterChain.doFilter(ObservationFilterChainDecorator.java:134)
	at org.springframework.security.web.access.ExceptionTranslationFilter.doFilter(ExceptionTranslationFilter.java:126)
	at org.springframework.security.web.access.ExceptionTranslationFilter.doFilter(ExceptionTranslationFilter.java:120)
	at org.springframework.security.web.ObservationFilterChainDecorator$ObservationFilter.wrapFilter(ObservationFilterChainDecorator.java:185)
	at org.springframework.security.web.ObservationFilterChainDecorator$ObservationFilter.doFilter(ObservationFilterChainDecorator.java:173)
	at org.springframework.security.web.ObservationFilterChainDecorator$VirtualFilterChain.doFilter(ObservationFilterChainDecorator.java:134)
	at org.springframework.security.web.authentication.AnonymousAuthenticationFilter.doFilter(AnonymousAuthenticationFilter.java:100)
	at org.springframework.security.web.ObservationFilterChainDecorator$ObservationFilter.wrapFilter(ObservationFilterChainDecorator.java:185)
	at org.springframework.security.web.ObservationFilterChainDecorator$ObservationFilter.doFilter(ObservationFilterChainDecorator.java:173)
	at org.springframework.security.web.ObservationFilterChainDecorator$VirtualFilterChain.doFilter(ObservationFilterChainDecorator.java:134)
	at org.springframework.security.web.servletapi.SecurityContextHolderAwareRequestFilter.doFilter(SecurityContextHolderAwareRequestFilter.java:179)
	at org.springframework.security.web.ObservationFilterChainDecorator$ObservationFilter.wrapFilter(ObservationFilterChainDecorator.java:185)
	at org.springframework.security.web.ObservationFilterChainDecorator$ObservationFilter.doFilter(ObservationFilterChainDecorator.java:173)
	at org.springframework.security.web.ObservationFilterChainDecorator$VirtualFilterChain.doFilter(ObservationFilterChainDecorator.java:134)
	at org.springframework.security.web.savedrequest.RequestCacheAwareFilter.doFilter(RequestCacheAwareFilter.java:63)
	at org.springframework.security.web.ObservationFilterChainDecorator$ObservationFilter.wrapFilter(ObservationFilterChainDecorator.java:185)
	at org.springframework.security.web.ObservationFilterChainDecorator$ObservationFilter.doFilter(ObservationFilterChainDecorator.java:173)
	at org.springframework.security.web.ObservationFilterChainDecorator$VirtualFilterChain.doFilter(ObservationFilterChainDecorator.java:134)
	at org.springframework.security.web.authentication.AbstractAuthenticationProcessingFilter.doFilter(AbstractAuthenticationProcessingFilter.java:227)
	at org.springframework.security.web.authentication.AbstractAuthenticationProcessingFilter.doFilter(AbstractAuthenticationProcessingFilter.java:221)
	at org.springframework.security.web.ObservationFilterChainDecorator$ObservationFilter.wrapFilter(ObservationFilterChainDecorator.java:185)
	at org.springframework.security.web.ObservationFilterChainDecorator$ObservationFilter.doFilter(ObservationFilterChainDecorator.java:173)
	at org.springframework.security.web.ObservationFilterChainDecorator$VirtualFilterChain.doFilter(ObservationFilterChainDecorator.java:134)
	at org.springframework.security.web.authentication.logout.LogoutFilter.doFilter(LogoutFilter.java:107)
	at org.springframework.security.web.authentication.logout.LogoutFilter.doFilter(LogoutFilter.java:93)
	at org.springframework.security.web.ObservationFilterChainDecorator$ObservationFilter.wrapFilter(ObservationFilterChainDecorator.java:185)
	at org.springframework.security.web.ObservationFilterChainDecorator$ObservationFilter.doFilter(ObservationFilterChainDecorator.java:173)
	at org.springframework.security.web.ObservationFilterChainDecorator$VirtualFilterChain.doFilter(ObservationFilterChainDecorator.java:134)
	at org.springframework.security.web.csrf.CsrfFilter.doFilterInternal(CsrfFilter.java:116)
	at org.springframework.web.filter.OncePerRequestFilter.doFilter(OncePerRequestFilter.java:116)
	at org.springframework.security.web.ObservationFilterChainDecorator$ObservationFilter.wrapFilter(ObservationFilterChainDecorator.java:185)
	at org.springframework.security.web.ObservationFilterChainDecorator$ObservationFilter.doFilter(ObservationFilterChainDecorator.java:173)
	at org.springframework.security.web.ObservationFilterChainDecorator$VirtualFilterChain.doFilter(ObservationFilterChainDecorator.java:134)
	at org.springframework.security.web.header.HeaderWriterFilter.doHeadersAfter(HeaderWriterFilter.java:90)
	at org.springframework.security.web.header.HeaderWriterFilter.doFilterInternal(HeaderWriterFilter.java:75)
	at org.springframework.web.filter.OncePerRequestFilter.doFilter(OncePerRequestFilter.java:116)
	at org.springframework.security.web.ObservationFilterChainDecorator$ObservationFilter.wrapFilter(ObservationFilterChainDecorator.java:185)
	at org.springframework.security.web.ObservationFilterChainDecorator$ObservationFilter.doFilter(ObservationFilterChainDecorator.java:173)
	at org.springframework.security.web.ObservationFilterChainDecorator$VirtualFilterChain.doFilter(ObservationFilterChainDecorator.java:134)
	at org.springframework.security.web.context.SecurityContextHolderFilter.doFilterInternal(SecurityContextHolderFilter.java:69)
	at org.springframework.web.filter.OncePerRequestFilter.doFilter(OncePerRequestFilter.java:116)
	at org.springframework.security.web.ObservationFilterChainDecorator$ObservationFilter.wrapFilter(ObservationFilterChainDecorator.java:185)
	at org.springframework.security.web.ObservationFilterChainDecorator$ObservationFilter.doFilter(ObservationFilterChainDecorator.java:173)
	at org.springframework.security.web.ObservationFilterChainDecorator$VirtualFilterChain.doFilter(ObservationFilterChainDecorator.java:134)
	at org.springframework.security.web.context.request.async.WebAsyncManagerIntegrationFilter.doFilterInternal(WebAsyncManagerIntegrationFilter.java:62)
	at org.springframework.web.filter.OncePerRequestFilter.doFilter(OncePerRequestFilter.java:116)
	at org.springframework.security.web.ObservationFilterChainDecorator$ObservationFilter.wrapFilter(ObservationFilterChainDecorator.java:185)
	at org.springframework.security.web.ObservationFilterChainDecorator$ObservationFilter.doFilter(ObservationFilterChainDecorator.java:173)
	at org.springframework.security.web.ObservationFilterChainDecorator$VirtualFilterChain.doFilter(ObservationFilterChainDecorator.java:134)
	at org.springframework.security.web.session.DisableEncodeUrlFilter.doFilterInternal(DisableEncodeUrlFilter.java:42)
	at org.springframework.web.filter.OncePerRequestFilter.doFilter(OncePerRequestFilter.java:116)
	at org.springframework.security.web.ObservationFilterChainDecorator$ObservationFilter.wrapFilter(ObservationFilterChainDecorator.java:185)
	at org.springframework.security.web.ObservationFilterChainDecorator$AroundFilterObservation$SimpleAroundFilterObservation.lambda$wrap$0(ObservationFilterChainDecorator.java:278)
	at org.springframework.security.web.ObservationFilterChainDecorator$ObservationFilter.doFilter(ObservationFilterChainDecorator.java:170)
	at org.springframework.security.web.ObservationFilterChainDecorator$VirtualFilterChain.doFilter(ObservationFilterChainDecorator.java:134)
	at org.springframework.security.web.FilterChainProxy.doFilterInternal(FilterChainProxy.java:233)
	at org.springframework.security.web.FilterChainProxy.doFilter(FilterChainProxy.java:191)
	at org.springframework.web.filter.DelegatingFilterProxy.invokeDelegate(DelegatingFilterProxy.java:351)
	at org.springframework.web.filter.DelegatingFilterProxy.doFilter(DelegatingFilterProxy.java:267)
	at org.apache.catalina.core.ApplicationFilterChain.internalDoFilter(ApplicationFilterChain.java:185)
	at org.apache.catalina.core.ApplicationFilterChain.doFilter(ApplicationFilterChain.java:158)
	at org.springframework.web.filter.RequestContextFilter.doFilterInternal(RequestContextFilter.java:100)
	at org.springframework.web.filter.OncePerRequestFilter.doFilter(OncePerRequestFilter.java:116)
	at org.apache.catalina.core.ApplicationFilterChain.internalDoFilter(ApplicationFilterChain.java:185)
	at org.apache.catalina.core.ApplicationFilterChain.doFilter(ApplicationFilterChain.java:158)
	at org.springframework.web.filter.FormContentFilter.doFilterInternal(FormContentFilter.java:93)
	at org.springframework.web.filter.OncePerRequestFilter.doFilter(OncePerRequestFilter.java:116)
	at org.apache.catalina.core.ApplicationFilterChain.internalDoFilter(ApplicationFilterChain.java:185)
	at org.apache.catalina.core.ApplicationFilterChain.doFilter(ApplicationFilterChain.java:158)
	at org.springframework.web.filter.HiddenHttpMethodFilter.doFilterInternal(HiddenHttpMethodFilter.java:91)
	at org.springframework.web.filter.OncePerRequestFilter.doFilter(OncePerRequestFilter.java:116)
	at org.apache.catalina.core.ApplicationFilterChain.internalDoFilter(ApplicationFilterChain.java:185)
	at org.apache.catalina.core.ApplicationFilterChain.doFilter(ApplicationFilterChain.java:158)
	at org.springframework.web.filter.ServerHttpObservationFilter.doFilterInternal(ServerHttpObservationFilter.java:109)
	at org.springframework.web.filter.OncePerRequestFilter.doFilter(OncePerRequestFilter.java:116)
	at org.apache.catalina.core.ApplicationFilterChain.internalDoFilter(ApplicationFilterChain.java:185)
	at org.apache.catalina.core.ApplicationFilterChain.doFilter(ApplicationFilterChain.java:158)
	at org.springframework.web.filter.CharacterEncodingFilter.doFilterInternal(CharacterEncodingFilter.java:201)
	at org.springframework.web.filter.OncePerRequestFilter.doFilter(OncePerRequestFilter.java:116)
	at org.apache.catalina.core.ApplicationFilterChain.internalDoFilter(ApplicationFilterChain.java:185)
	at org.apache.catalina.core.ApplicationFilterChain.doFilter(ApplicationFilterChain.java:158)
	at org.apache.catalina.core.StandardWrapperValve.invoke(StandardWrapperValve.java:197)
	at org.apache.catalina.core.StandardContextValve.invoke(StandardContextValve.java:97)
	at org.apache.catalina.authenticator.AuthenticatorBase.invoke(AuthenticatorBase.java:542)
	at org.apache.catalina.core.StandardHostValve.invoke(StandardHostValve.java:119)
	at org.apache.catalina.valves.ErrorReportValve.invoke(ErrorReportValve.java:92)
	at org.apache.catalina.core.StandardEngineValve.invoke(StandardEngineValve.java:78)
	at org.apache.catalina.connector.CoyoteAdapter.service(CoyoteAdapter.java:357)
	at org.apache.coyote.http11.Http11Processor.service(Http11Processor.java:400)
	at org.apache.coyote.AbstractProcessorLight.process(AbstractProcessorLight.java:65)
	at org.apache.coyote.AbstractProtocol$ConnectionHandler.process(AbstractProtocol.java:861)
	at org.apache.tomcat.util.net.NioEndpoint$SocketProcessor.doRun(NioEndpoint.java:1739)
	at org.apache.tomcat.util.net.SocketProcessorBase.run(SocketProcessorBase.java:52)
	at org.apache.tomcat.util.threads.ThreadPoolExecutor.runWorker(ThreadPoolExecutor.java:1191)
	at org.apache.tomcat.util.threads.ThreadPoolExecutor$Worker.run(ThreadPoolExecutor.java:659)
	at org.apache.tomcat.util.threads.TaskThread$WrappingRunnable.run(TaskThread.java:61)
	at java.base/java.lang.Thread.run(Thread.java:833)
2023-01-03 10:04:39 ERROR ErrorCrmController:28 - Resource not found
2023-01-03 10:11:50 INFO  SupplyCrmApplication:13 - Start CRM
2023-01-03 10:12:03 ERROR ItemServiceImpl:35 - Item not found
2023-01-03 10:12:03 ERROR ErrorCrmController:28 - Resource not found
2023-01-03 10:14:58 INFO  SupplyCrmApplication:13 - Start CRM
2023-01-03 10:15:09 ERROR ItemServiceImpl:35 - Item not found
2023-01-03 10:15:09 ERROR ErrorCrmController:28 - Resource not found
2023-01-03 10:17:34 INFO  SupplyCrmApplication:13 - Start CRM
2023-01-03 10:17:50 ERROR ItemServiceImpl:35 - Item not found
2023-01-03 10:17:50 ERROR ErrorCrmController:35 - General error
2023-01-03 10:17:59 ERROR ItemServiceImpl:35 - Item not found
2023-01-03 10:17:59 ERROR ErrorCrmController:35 - General error
2023-01-03 10:18:06 ERROR ErrorCrmController:28 - Resource not found
2023-01-03 10:18:14 ERROR ErrorCrmController:28 - Resource not found
2023-01-03 10:19:29 INFO  SupplyCrmApplication:13 - Start CRM
2023-01-03 10:19:42 ERROR ItemServiceImpl:35 - Item not found
2023-01-03 10:19:42 ERROR ErrorCrmController:35 - General error
2023-01-03 10:20:18 INFO  SupplyCrmApplication:13 - Start CRM
2023-01-03 10:20:24 ERROR ItemServiceImpl:35 - Item not found
2023-01-03 10:20:24 ERROR ErrorCrmController:35 - General error
2023-01-03 10:22:25 INFO  SupplyCrmApplication:13 - Start CRM
2023-01-03 10:22:32 ERROR ItemServiceImpl:35 - Item not found
2023-01-03 10:22:32 ERROR ErrorCrmController:28 - Resource not found
2023-01-03 10:23:08 ERROR ItemServiceImpl:35 - Item not found
2023-01-03 10:23:08 ERROR ItemsController:93 - Service Error. Item not found
2023-01-03 10:23:08 ERROR ErrorCrmController:28 - Resource not found
2023-01-03 10:29:59 INFO  SupplyCrmApplication:13 - Start CRM
2023-01-03 10:30:20 ERROR ItemServiceImpl:35 - Item not found
2023-01-03 10:30:20 ERROR ItemsController:48 - Service Error.Get Item failed. Item not found
2023-01-03 10:31:02 ERROR ItemServiceImpl:35 - Item not found
2023-01-03 10:31:02 ERROR ItemsController:98 - Service Error.Edit of Item failed. Item not found
2023-01-03 10:33:42 INFO  SupplyCrmApplication:13 - Start CRM
2023-01-03 10:34:46 INFO  SupplyCrmApplication:13 - Start CRM
2023-01-03 10:34:57 ERROR ItemServiceImpl:35 - Item not found
2023-01-03 10:34:57 ERROR ItemsController:48 - Service Error. Get Item failed. Item not found
2023-01-03 10:36:01 INFO  SupplyCrmApplication:13 - Start CRM
2023-01-03 10:36:11 ERROR ItemServiceImpl:35 - Item not found
2023-01-03 10:36:11 ERROR ItemsController:48 - Service Error. Get Item failed. Item not found
2023-01-03 10:40:15 INFO  SupplyCrmApplication:13 - Start CRM
2023-01-03 10:40:24 ERROR ItemServiceImpl:35 - Item not found
2023-01-03 10:40:24 ERROR ItemsController:48 - Service Error. Get Item failed. Item not found
2023-01-03 11:01:16 INFO  SupplyCrmApplication:13 - Start CRM
2023-01-03 11:01:27 ERROR OrderServiceImpl:62 - Order not found
2023-01-03 11:02:46 INFO  SupplyCrmApplication:13 - Start CRM
2023-01-03 11:03:01 ERROR OrderServiceImpl:62 - Order not found
2023-01-03 11:03:01 ERROR OrdersController:54 - Service Error. Receiving Order by Id failed. Order not found
2023-01-03 11:43:03 INFO  SupplyCrmApplication:13 - Start CRM
2023-01-03 11:43:13 ERROR UserServiceImpl:47 - User not found
2023-01-03 11:43:13 ERROR UsersController:51 - Service Error. Receiving User by Id failed. User not found
2023-01-03 11:43:29 ERROR UserServiceImpl:62 - User not found
2023-01-03 11:43:29 ERROR RegistrationController:45 - Incorrect email. User have not saved.
2023-01-03 11:44:32 INFO  SupplyCrmApplication:13 - Start CRM
2023-01-03 11:44:45 ERROR UserServiceImpl:62 - Duplicated email
2023-01-03 11:44:45 ERROR RegistrationController:45 - Incorrect email. User have not saved.
2023-01-03 11:56:19 ERROR UserProjectService:33 - Project is not assigned to user
2023-01-03 11:56:19 ERROR UserProjectController:67 - Project is not assigned to user
2023-01-03 11:57:13 INFO  SupplyCrmApplication:13 - Start CRM
2023-01-03 11:57:21 ERROR UserProjectService:34 - Project is not assigned to user
2023-01-03 11:57:21 ERROR UserProjectController:67 - Project is not assigned to user
2023-01-03 11:58:03 ERROR UserServiceImpl:47 - User not found
2023-01-03 11:58:03 ERROR UsersController:51 - Service Error. Receiving User by Id failed. User not found
2023-01-03 11:58:44 ERROR UserServiceImpl:62 - Duplicated email
2023-01-03 11:58:44 ERROR RegistrationController:45 - Incorrect email. User have not saved.
2023-01-03 16:53:29 INFO  SupplyCrmApplication:13 - Start CRM
2023-01-03 16:54:27 ERROR UserServiceImpl:62 - Duplicated email
2023-01-03 16:54:27 ERROR UsersController:78 - Incorrect email. User have not saved.
2023-01-03 16:54:46 ERROR UserServiceImpl:62 - Duplicated email
2023-01-03 16:54:46 ERROR UsersController:78 - Incorrect email. User have not saved.
2023-01-03 16:56:14 INFO  SupplyCrmApplication:13 - Start CRM
2023-01-03 16:56:52 ERROR UserProjectService:32 - Project is not assigned to user
2023-01-03 16:56:52 ERROR UserProjectController:67 - Project is not assigned to user
2023-01-03 17:09:08 INFO  SupplyCrmApplication:13 - Start CRM
2023-01-03 17:10:08 INFO  SupplyCrmApplication:13 - Start CRM
2023-01-03 17:12:18 ERROR ErrorCrmController:35 - General error
2023-01-03 19:14:38 INFO  SupplyCrmApplication:13 - Start CRM
2023-01-03 19:15:10 ERROR OrderServiceImpl:61 - Order not found
2023-01-03 19:15:10 ERROR OrdersController:54 - Service Error. Receiving Order by Id failed. Order not found
2023-01-03 19:15:10 ERROR ErrorCrmController:27 - Resource not found
2023-01-03 19:15:17 ERROR ErrorCrmController:27 - Resource not found
2023-01-03 19:16:13 ERROR ErrorCrmController:27 - Resource not found
2023-01-03 19:18:06 ERROR ErrorCrmController:27 - Resource not found
2023-01-03 19:24:16 INFO  SupplyCrmApplication:13 - Start CRM
2023-01-03 19:27:55 ERROR ErrorCrmController:27 - Resource not found
2023-01-03 19:28:03 ERROR ErrorCrmController:27 - Resource not found
2023-01-03 19:28:11 ERROR ErrorCrmController:27 - Resource not found
2023-01-03 19:28:23 ERROR ErrorCrmController:27 - Resource not found
2023-01-03 19:31:30 ERROR ErrorCrmController:27 - Resource not found
2023-01-03 19:45:09 INFO  SupplyCrmApplication:13 - Start CRM
2023-01-03 19:45:28 ERROR UserServiceImpl:83 - User not found
2023-01-03 19:45:28 ERROR ErrorCrmController:34 - General error
2023-01-03 19:46:09 ERROR UserServiceImpl:83 - User not found
2023-01-03 19:46:09 ERROR ErrorCrmController:34 - General error
2023-01-03 19:46:56 ERROR UserServiceImpl:83 - User not found
2023-01-03 19:46:56 ERROR ErrorCrmController:34 - General error
2023-01-03 19:56:04 INFO  SupplyCrmApplication:13 - Start CRM
2023-01-03 19:56:18 ERROR ErrorCrmController:27 - Resource not found
2023-01-03 19:57:03 INFO  SupplyCrmApplication:13 - Start CRM
2023-01-03 19:58:19 INFO  SupplyCrmApplication:13 - Start CRM
2023-01-03 20:00:00 ERROR UserServiceImpl:84 - User not found
2023-01-03 20:00:00 ERROR ErrorCrmController:34 - General error
2023-01-03 20:00:13 ERROR UserServiceImpl:84 - User not found
2023-01-03 20:00:13 ERROR ErrorCrmController:34 - General error
2023-01-03 20:00:20 ERROR ErrorCrmController:34 - General error
2023-01-03 20:02:26 ERROR ErrorCrmController:24 - Access denied
2023-01-03 20:02:28 ERROR ErrorCrmController:34 - General error
2023-01-03 20:04:34 INFO  SupplyCrmApplication:13 - Start CRM
2023-01-03 20:05:32 INFO  SupplyCrmApplication:13 - Start CRM
2023-01-03 20:16:18 INFO  SupplyCrmApplication:13 - Start CRM
2023-01-03 20:16:22 ERROR ErrorCrmController:34 - General error
2023-01-03 20:16:37 ERROR ErrorCrmController:34 - General error
2023-01-03 20:17:19 ERROR ErrorCrmController:34 - General error
2023-01-03 20:17:43 INFO  SupplyCrmApplication:13 - Start CRM
2023-01-03 20:17:43 ERROR ErrorCrmController:24 - Access denied
2023-01-03 20:17:46 ERROR ErrorCrmController:34 - General error
2023-01-03 20:18:58 INFO  SupplyCrmApplication:13 - Start CRM
2023-01-03 20:19:06 ERROR ErrorCrmController:34 - General error
2023-01-03 20:21:59 ERROR ErrorCrmController:34 - General error
2023-01-03 20:22:37 INFO  SupplyCrmApplication:13 - Start CRM
2023-01-03 20:22:42 ERROR ErrorCrmController:34 - General error
2023-01-03 20:24:28 INFO  SupplyCrmApplication:13 - Start CRM
2023-01-03 20:24:43 ERROR ErrorCrmController:34 - General error
2023-01-03 20:26:47 INFO  SupplyCrmApplication:13 - Start CRM
2023-01-03 20:26:58 ERROR ErrorCrmController:34 - General error
2023-01-03 20:29:38 INFO  SupplyCrmApplication:13 - Start CRM
2023-01-03 20:30:00 ERROR ErrorCrmController:34 - General error
2023-01-03 20:31:39 INFO  SupplyCrmApplication:13 - Start CRM
2023-01-03 20:31:42 ERROR ErrorCrmController:34 - General error
2023-01-03 20:32:50 ERROR ErrorCrmController:34 - General error
2023-01-03 20:33:32 ERROR ErrorCrmController:24 - Access denied
2023-01-03 20:33:38 ERROR ErrorCrmController:34 - General error
2023-01-03 20:33:47 ERROR ErrorCrmController:34 - General error
2023-01-03 20:34:21 INFO  SupplyCrmApplication:13 - Start CRM
2023-01-03 20:35:12 ERROR ErrorCrmController:34 - General error
2023-01-03 20:38:31 ERROR ErrorCrmController:24 - Access denied
2023-01-03 20:38:37 ERROR ErrorCrmController:34 - General error
2023-01-03 20:39:04 ERROR ErrorCrmController:34 - General error
2023-01-03 20:41:33 INFO  SupplyCrmApplication:13 - Start CRM
2023-01-03 20:42:35 INFO  SupplyCrmApplication:13 - Start CRM
2023-01-03 20:43:09 ERROR ErrorCrmController:34 - General error
2023-01-03 20:43:20 ERROR ErrorCrmController:34 - General error
2023-01-03 20:45:36 INFO  SupplyCrmApplication:13 - Start CRM
2023-01-03 20:45:47 ERROR ErrorCrmController:34 - General error
2023-01-03 20:45:57 ERROR ErrorCrmController:34 - General error
2023-01-03 20:46:35 INFO  SupplyCrmApplication:13 - Start CRM
2023-01-03 20:46:53 ERROR ErrorCrmController:34 - General error
2023-01-03 20:48:36 ERROR ErrorCrmController:34 - General error
2023-01-03 20:50:37 INFO  SupplyCrmApplication:13 - Start CRM
2023-01-03 20:51:03 ERROR ErrorCrmController:24 - Access denied
2023-01-03 20:51:09 ERROR ErrorCrmController:34 - General error
2023-01-03 20:59:18 INFO  SupplyCrmApplication:13 - Start CRM
2023-01-03 20:59:35 ERROR ErrorCrmController:34 - General error
2023-01-03 21:25:13 INFO  SupplyCrmApplication:13 - Start CRM
2023-01-03 21:31:30 INFO  SupplyCrmApplication:13 - Start CRM
2023-01-03 21:39:17 INFO  SupplyCrmApplication:13 - Start CRM
2023-01-03 21:39:33 ERROR ErrorCrmController:34 - General error
2023-01-03 21:40:50 ERROR ErrorCrmController:34 - General error
2023-01-03 21:40:56 ERROR ErrorCrmController:34 - General error
2023-01-03 21:42:12 INFO  SupplyCrmApplication:13 - Start CRM
2023-01-03 21:44:35 ERROR ErrorCrmController:34 - General error
2023-01-03 21:45:13 INFO  SupplyCrmApplication:13 - Start CRM
2023-01-03 21:49:24 INFO  SupplyCrmApplication:13 - Start CRM
2023-01-03 21:49:47 ERROR ErrorCrmController:27 - Resource not found
2023-01-03 21:51:14 INFO  SupplyCrmApplication:13 - Start CRM
2023-01-03 21:51:18 ERROR ErrorCrmController:34 - General error
2023-01-03 21:51:23 ERROR ErrorCrmController:34 - General error
2023-01-03 21:51:28 ERROR ErrorCrmController:34 - General error
2023-01-03 21:51:47 ERROR ErrorCrmController:34 - General error
2023-01-03 21:52:30 INFO  SupplyCrmApplication:13 - Start CRM
2023-01-03 21:52:36 ERROR ErrorCrmController:34 - General error
2023-01-03 21:57:06 INFO  SupplyCrmApplication:13 - Start CRM
2023-01-03 21:57:29 INFO  SupplyCrmApplication:13 - Start CRM
2023-01-03 21:57:32 ERROR ErrorCrmController:21 - Bad request
2023-01-03 21:57:42 ERROR ErrorCrmController:21 - Bad request
2023-01-03 21:57:55 ERROR ErrorCrmController:21 - Bad request
2023-01-03 21:58:01 ERROR ErrorCrmController:21 - Bad request
2023-01-03 22:01:39 ERROR ErrorCrmController:21 - Bad request
2023-01-03 22:02:01 INFO  SupplyCrmApplication:13 - Start CRM
2023-01-03 22:02:07 ERROR ErrorCrmController:21 - Bad request
2023-01-03 22:02:17 ERROR ErrorCrmController:21 - Bad request
2023-01-03 22:02:30 INFO  SupplyCrmApplication:13 - Start CRM
2023-01-03 22:02:37 ERROR ErrorCrmController:34 - General error
2023-01-03 22:04:49 INFO  SupplyCrmApplication:13 - Start CRM
2023-01-03 22:04:54 ERROR ErrorCrmController:21 - Bad request
2023-01-03 22:06:09 INFO  SupplyCrmApplication:13 - Start CRM
2023-01-03 22:06:11 ERROR ErrorCrmController:24 - Access denied
2023-01-03 22:06:15 ERROR ErrorCrmController:21 - Bad request
2023-01-03 22:09:42 ERROR ErrorCrmController:21 - Bad request
2023-01-03 22:09:54 ERROR ErrorCrmController:21 - Bad request
2023-01-03 22:10:01 ERROR ErrorCrmController:21 - Bad request
2023-01-03 22:10:14 ERROR ErrorCrmController:21 - Bad request
2023-01-03 22:10:24 ERROR ErrorCrmController:21 - Bad request
2023-01-03 22:11:52 INFO  SupplyCrmApplication:13 - Start CRM
2023-01-03 22:12:00 ERROR ErrorCrmController:21 - Bad request
2023-01-03 22:14:55 INFO  SupplyCrmApplication:13 - Start CRM
2023-01-03 22:15:02 ERROR ErrorCrmController:21 - Bad request
2023-01-03 22:16:12 INFO  SupplyCrmApplication:13 - Start CRM
2023-01-03 22:16:17 ERROR ErrorCrmController:24 - Access denied
2023-01-03 22:16:22 ERROR ErrorCrmController:21 - Bad request
2023-01-03 22:17:24 INFO  SupplyCrmApplication:13 - Start CRM
2023-01-03 22:17:27 ERROR ErrorCrmController:21 - Bad request
2023-01-03 22:19:08 ERROR ErrorCrmController:21 - Bad request
2023-01-03 22:19:11 ERROR ErrorCrmController:21 - Bad request
2023-01-03 22:26:07 INFO  SupplyCrmApplication:13 - Start CRM
2023-01-03 22:26:13 INFO  SupplyCrmApplication:13 - Start CRM
2023-01-03 22:26:17 ERROR ErrorCrmController:24 - Access denied
2023-01-03 22:26:22 ERROR ErrorCrmController:21 - Bad request
2023-01-03 22:32:13 INFO  SupplyCrmApplication:13 - Start CRM
2023-01-03 22:32:24 ERROR ErrorCrmController:21 - Bad request
2023-01-03 22:32:31 ERROR ErrorCrmController:21 - Bad request
2023-01-03 22:32:36 ERROR ErrorCrmController:21 - Bad request
2023-01-03 22:33:49 INFO  SupplyCrmApplication:13 - Start CRM
2023-01-03 22:33:56 ERROR ErrorCrmController:21 - Bad request
2023-01-03 22:34:06 ERROR ErrorCrmController:21 - Bad request
2023-01-03 22:35:06 INFO  SupplyCrmApplication:13 - Start CRM
2023-01-03 22:35:53 INFO  SupplyCrmApplication:13 - Start CRM
2023-01-03 22:36:38 INFO  SupplyCrmApplication:13 - Start CRM
2023-01-03 22:37:40 INFO  SupplyCrmApplication:13 - Start CRM
2023-01-03 22:38:08 INFO  SupplyCrmApplication:13 - Start CRM
2023-01-03 22:42:53 INFO  SupplyCrmApplication:13 - Start CRM
2023-01-03 22:47:41 ERROR ErrorCrmController:34 - General error
2023-01-03 22:49:50 ERROR ErrorCrmController:34 - General error
2023-01-03 22:52:23 INFO  SupplyCrmApplication:13 - Start CRM
2023-01-03 22:54:19 INFO  SupplyCrmApplication:13 - Start CRM
2023-01-03 22:55:05 ERROR ErrorCrmController:24 - Access denied
2023-01-03 23:21:52 INFO  SupplyCrmApplication:13 - Start CRM
2023-01-03 23:22:40 INFO  SupplyCrmApplication:13 - Start CRM
2023-01-03 23:22:46 ERROR ErrorCrmController:34 - General error
2023-01-03 23:23:13 INFO  SupplyCrmApplication:13 - Start CRM
2023-01-03 23:23:23 ERROR ErrorCrmController:21 - Bad request
2023-01-03 23:23:28 ERROR ErrorCrmController:21 - Bad request
2023-01-03 23:23:49 INFO  SupplyCrmApplication:13 - Start CRM
2023-01-03 23:23:53 ERROR ErrorCrmController:21 - Bad request
2023-01-03 23:24:27 INFO  SupplyCrmApplication:13 - Start CRM
2023-01-03 23:24:30 ERROR ErrorCrmController:34 - General error
2023-01-04 08:57:06 ERROR ErrorCrmController:24 - Access denied
2023-01-04 09:02:24 ERROR UserProjectService:32 - Project is not assigned to user
2023-01-04 09:02:24 ERROR UserProjectController:67 - Project is not assigned to user
2023-01-04 09:02:24 ERROR ErrorCrmController:30 - Resource conflict
2023-01-04 09:03:33 ERROR ErrorCrmController:34 - General error
2023-01-04 09:10:43 ERROR UserServiceImpl:84 - User not found
2023-01-04 09:10:43 ERROR ErrorCrmController:34 - General error
2023-01-04 09:11:22 INFO  SupplyCrmApplication:13 - Start CRM
2023-01-04 09:11:27 ERROR ErrorCrmController:24 - Access denied
2023-01-04 09:11:30 ERROR UserServiceImpl:84 - User not found
2023-01-04 09:11:30 ERROR ErrorCrmController:34 - General error
2023-01-04 09:12:30 ERROR UserServiceImpl:84 - User not found
2023-01-04 09:12:30 ERROR ErrorCrmController:34 - General error
2023-01-04 09:12:34 ERROR UserServiceImpl:84 - User not found
2023-01-04 09:12:34 ERROR ErrorCrmController:34 - General error
2023-01-04 09:17:02 ERROR UserServiceImpl:84 - User not found
2023-01-04 09:17:02 ERROR ErrorCrmController:34 - General error
2023-01-04 09:17:08 ERROR UserServiceImpl:84 - User not found
2023-01-04 09:17:08 ERROR ErrorCrmController:34 - General error
2023-01-04 09:17:33 INFO  SupplyCrmApplication:13 - Start CRM
2023-01-04 09:17:36 ERROR ErrorCrmController:24 - Access denied
2023-01-04 09:17:39 ERROR UserServiceImpl:84 - User not found
2023-01-04 09:17:39 ERROR ErrorCrmController:34 - General error
2023-01-04 09:21:10 INFO  SupplyCrmApplication:13 - Start CRM
2023-01-04 10:20:00 ERROR OrderServiceImpl:61 - Order not found
2023-01-04 10:21:18 ERROR OrderServiceImpl:61 - Order not found
2023-01-04 10:31:45 ERROR OrderServiceImpl:61 - Order not found
2023-01-04 10:34:56 ERROR OrderServiceImpl:61 - Order not found
2023-01-04 10:36:56 ERROR OrderServiceImpl:61 - Order not found
2023-01-04 10:45:28 ERROR OrderServiceImpl:61 - Order not found
2023-01-04 12:24:33 ERROR OrderServiceImpl:61 - Order not found
2023-01-04 12:24:33 ERROR OrderServiceImpl:61 - Order not found
2023-01-04 16:14:00 ERROR OrderServiceImpl:61 - Order not found
2023-01-04 16:15:21 ERROR OrderServiceImpl:61 - Order not found
2023-01-04 16:16:07 ERROR OrderServiceImpl:61 - Order not found
2023-01-04 16:16:23 ERROR OrderServiceImpl:61 - Order not found
2023-01-04 16:20:09 ERROR OrderServiceImpl:61 - Order not found
2023-01-04 16:20:56 ERROR OrderServiceImpl:61 - Order not found
2023-01-04 16:22:29 ERROR OrderServiceImpl:61 - Order not found
2023-01-04 17:04:44 ERROR OrderServiceImpl:61 - Order not found
2023-01-04 17:09:26 ERROR OrderServiceImpl:61 - Order not found
2023-01-04 17:10:48 ERROR OrderServiceImpl:61 - Order not found
2023-01-04 17:20:44 ERROR OrderServiceImpl:61 - Order not found
2023-01-04 17:28:50 ERROR OrderServiceImpl:61 - Order not found
2023-01-04 17:29:36 ERROR OrderServiceImpl:61 - Order not found
2023-01-04 17:31:08 ERROR OrderServiceImpl:61 - Order not found
2023-01-04 17:37:20 ERROR OrderServiceImpl:61 - Order not found
2023-01-04 17:37:48 ERROR OrderServiceImpl:61 - Order not found
2023-01-04 17:38:05 ERROR OrderServiceImpl:61 - Order not found
2023-01-04 17:41:00 ERROR OrderServiceImpl:61 - Order not found
2023-01-04 17:41:10 ERROR OrderServiceImpl:61 - Order not found
2023-01-04 17:41:36 ERROR OrderServiceImpl:61 - Order not found
2023-01-04 17:42:09 ERROR OrderServiceImpl:61 - Order not found
2023-01-04 17:43:26 ERROR OrderServiceImpl:61 - Order not found
2023-01-04 17:43:39 ERROR OrderServiceImpl:61 - Order not found
2023-01-04 17:44:26 INFO  SupplyCrmApplication:13 - Start CRM
2023-01-04 17:44:51 ERROR OrderServiceImpl:61 - Order not found
2023-01-04 20:22:28 ERROR OrderServiceImpl:61 - Order not found
2023-01-04 20:34:52 ERROR OrderServiceImpl:61 - Order not found
2023-01-04 20:36:31 ERROR OrderServiceImpl:61 - Order not found
2023-01-04 22:19:53 INFO  SupplyCrmApplication:13 - Start CRM
2023-01-05 08:57:38 INFO  SupplyCrmApplication:13 - Start CRM
2023-01-05 09:11:16 INFO  SupplyCrmApplication:13 - Start CRM
2023-01-05 09:35:38 ERROR OrderServiceImpl:61 - Order not found
2023-01-05 09:39:43 ERROR OrderServiceImpl:61 - Order not found
2023-01-05 09:41:03 ERROR OrderServiceImpl:61 - Order not found
2023-01-05 09:41:53 ERROR OrderServiceImpl:61 - Order not found
2023-01-05 09:42:46 ERROR OrderServiceImpl:61 - Order not found
2023-01-05 09:43:35 ERROR OrderServiceImpl:61 - Order not found
2023-01-05 09:45:40 ERROR OrderServiceImpl:61 - Order not found
2023-01-05 09:45:40 ERROR OrderServiceImpl:81 - User not found
2023-01-05 09:47:55 ERROR OrderServiceImpl:61 - Order not found
2023-01-05 09:47:55 ERROR OrderServiceImpl:81 - User not found
2023-01-05 10:54:36 ERROR OrderServiceImpl:61 - Order not found
2023-01-05 10:54:36 ERROR OrderServiceImpl:81 - User not found
2023-01-05 10:55:08 ERROR OrderServiceImpl:61 - Order not found
2023-01-05 10:55:08 ERROR OrderServiceImpl:81 - User not found
2023-01-05 10:56:00 ERROR OrderServiceImpl:61 - Order not found
2023-01-05 10:56:00 ERROR OrderServiceImpl:81 - User not found
2023-01-05 10:58:35 ERROR OrderServiceImpl:61 - Order not found
2023-01-05 10:58:35 ERROR OrderServiceImpl:81 - User not found
2023-01-05 10:59:11 ERROR OrderServiceImpl:61 - Order not found
2023-01-05 10:59:11 ERROR OrderServiceImpl:81 - User not found
2023-01-05 11:03:19 ERROR OrderServiceImpl:61 - Order not found
2023-01-05 11:03:19 ERROR OrderServiceImpl:81 - User not found
2023-01-05 11:04:27 ERROR OrderServiceImpl:61 - Order not found
2023-01-05 11:04:27 ERROR OrderServiceImpl:81 - User not found
2023-01-05 11:08:42 ERROR OrderServiceImpl:61 - Order not found
2023-01-05 11:08:42 ERROR OrderServiceImpl:81 - User not found
2023-01-05 11:12:28 ERROR OrderServiceImpl:61 - Order not found
2023-01-05 11:12:28 ERROR OrderServiceImpl:81 - User not found
2023-01-05 11:36:13 INFO  SupplyCrmApplication:13 - Start CRM
2023-01-05 15:08:56 ERROR OrderServiceImpl:61 - Order not found
2023-01-05 15:08:56 ERROR OrderServiceImpl:81 - User not found
2023-01-05 15:16:38 ERROR OrderServiceImpl:61 - Order not found
2023-01-05 15:16:38 ERROR OrderServiceImpl:81 - User not found
2023-01-05 15:21:13 ERROR OrderServiceImpl:61 - Order not found
2023-01-05 15:21:13 ERROR OrderServiceImpl:81 - User not found
2023-01-05 15:22:54 ERROR OrderServiceImpl:61 - Order not found
2023-01-05 15:22:54 ERROR OrderServiceImpl:81 - User not found
2023-01-05 15:23:40 ERROR OrderServiceImpl:61 - Order not found
2023-01-05 15:23:40 ERROR OrderServiceImpl:81 - User not found
2023-01-05 15:29:26 ERROR OrderServiceImpl:61 - Order not found
2023-01-05 15:29:26 ERROR OrderServiceImpl:81 - User not found
2023-01-05 15:29:39 ERROR OrderServiceImpl:61 - Order not found
2023-01-05 15:29:39 ERROR OrderServiceImpl:81 - User not found
2023-01-05 15:35:41 ERROR OrderServiceImpl:61 - Order not found
2023-01-05 15:35:41 ERROR OrderServiceImpl:81 - User not found
2023-01-05 15:36:09 ERROR OrderServiceImpl:61 - Order not found
2023-01-05 15:36:09 ERROR OrderServiceImpl:81 - User not found
2023-01-05 15:36:27 INFO  SupplyCrmApplication:13 - Start CRM
2023-01-05 15:36:48 ERROR ErrorCrmController:34 - General error
2023-01-05 15:38:33 ERROR ErrorCrmController:34 - General error
2023-01-05 15:42:03 ERROR OrderServiceImpl:61 - Order not found
2023-01-05 15:42:04 ERROR OrderServiceImpl:81 - User not found
2023-01-05 15:42:25 ERROR OrderServiceImpl:61 - Order not found
2023-01-05 15:42:25 ERROR OrderServiceImpl:81 - User not found
2023-01-05 15:42:56 INFO  SupplyCrmApplication:13 - Start CRM
2023-01-05 15:43:19 INFO  SupplyCrmApplication:13 - Start CRM
2023-01-05 15:44:16 ERROR OrderServiceImpl:61 - Order not found
2023-01-05 15:44:16 ERROR OrderServiceImpl:81 - User not found
2023-01-05 15:46:45 ERROR OrderServiceImpl:61 - Order not found
2023-01-05 15:46:45 ERROR OrderServiceImpl:81 - User not found
2023-01-05 15:47:20 INFO  SupplyCrmApplication:13 - Start CRM
2023-01-05 15:47:31 ERROR ErrorCrmController:34 - General error
2023-01-05 15:48:03 INFO  SupplyCrmApplication:13 - Start CRM
2023-01-05 15:48:32 ERROR OrderServiceImpl:61 - Order not found
2023-01-05 15:48:32 ERROR OrderServiceImpl:81 - User not found
2023-01-05 15:49:03 ERROR OrderServiceImpl:61 - Order not found
2023-01-05 15:49:03 ERROR OrderServiceImpl:81 - User not found
2023-01-05 15:50:01 ERROR OrderServiceImpl:61 - Order not found
2023-01-05 15:50:01 ERROR OrderServiceImpl:81 - User not found
2023-01-05 15:50:21 INFO  SupplyCrmApplication:13 - Start CRM
2023-01-05 15:50:27 ERROR ErrorCrmController:34 - General error
2023-01-05 15:51:00 INFO  SupplyCrmApplication:13 - Start CRM
2023-01-05 15:51:22 ERROR OrderServiceImpl:61 - Order not found
2023-01-05 15:51:22 ERROR OrderServiceImpl:81 - User not found
2023-01-05 15:53:39 ERROR OrderServiceImpl:61 - Order not found
2023-01-05 15:53:39 ERROR OrderServiceImpl:81 - User not found
2023-01-05 15:53:56 ERROR OrderServiceImpl:61 - Order not found
2023-01-05 15:53:56 ERROR OrderServiceImpl:81 - User not found
2023-01-05 15:54:10 ERROR OrderServiceImpl:61 - Order not found
2023-01-05 15:54:10 ERROR OrderServiceImpl:81 - User not found
2023-01-05 15:54:50 ERROR OrderServiceImpl:61 - Order not found
2023-01-05 15:54:50 ERROR OrderServiceImpl:81 - User not found
2023-01-05 15:55:08 INFO  SupplyCrmApplication:13 - Start CRM
2023-01-05 15:55:35 ERROR ErrorCrmController:34 - General error
2023-01-05 15:57:29 ERROR OrderServiceImpl:61 - Order not found
2023-01-05 15:57:29 ERROR OrderServiceImpl:81 - User not found
2023-01-05 15:58:38 ERROR OrderServiceImpl:61 - Order not found
2023-01-05 15:58:38 ERROR OrderServiceImpl:81 - User not found
2023-01-05 15:58:56 INFO  SupplyCrmApplication:13 - Start CRM
2023-01-05 15:59:09 ERROR ErrorCrmController:34 - General error
2023-01-05 16:01:00 ERROR ErrorCrmController:34 - General error
2023-01-05 16:03:26 INFO  SupplyCrmApplication:13 - Start CRM
2023-01-05 16:03:57 ERROR OrderServiceImpl:61 - Order not found
2023-01-05 16:03:57 ERROR OrderServiceImpl:81 - User not found
2023-01-05 16:04:49 ERROR OrderServiceImpl:61 - Order not found
2023-01-05 16:04:49 ERROR OrderServiceImpl:81 - User not found
2023-01-05 16:04:58 INFO  SupplyCrmApplication:13 - Start CRM
2023-01-05 16:07:31 INFO  SupplyCrmApplication:13 - Start CRM
2023-01-05 16:08:01 ERROR ErrorCrmController:34 - General error
2023-01-05 16:08:04 ERROR ErrorCrmController:34 - General error
2023-01-05 16:08:12 ERROR ErrorCrmController:34 - General error
2023-01-05 16:09:35 ERROR ErrorCrmController:34 - General error
2023-01-05 16:12:27 INFO  SupplyCrmApplication:13 - Start CRM
2023-01-05 16:15:21 INFO  SupplyCrmApplication:13 - Start CRM
2023-01-05 16:15:46 ERROR ErrorCrmController:34 - General error
2023-01-05 16:17:08 INFO  SupplyCrmApplication:13 - Start CRM
2023-01-05 16:18:00 INFO  SupplyCrmApplication:13 - Start CRM
2023-01-05 16:18:37 INFO  SupplyCrmApplication:13 - Start CRM
2023-01-05 16:19:21 INFO  SupplyCrmApplication:13 - Start CRM
2023-01-05 16:22:07 INFO  SupplyCrmApplication:13 - Start CRM
2023-01-05 16:22:21 ERROR ErrorCrmController:34 - General error
2023-01-05 16:25:13 INFO  SupplyCrmApplication:13 - Start CRM
2023-01-05 18:13:23 INFO  SupplyCrmApplication:13 - Start CRM
2023-01-05 18:13:29 ERROR ErrorCrmController:27 - Resource not found
2023-01-05 18:15:16 INFO  SupplyCrmApplication:13 - Start CRM
2023-01-05 18:15:48 ERROR ErrorCrmController:27 - Resource not found
2023-01-05 18:15:52 ERROR ErrorCrmController:27 - Resource not found
2023-01-05 18:16:42 ERROR ErrorCrmController:27 - Resource not found
2023-01-05 18:21:25 INFO  SupplyCrmApplication:13 - Start CRM
2023-01-05 18:21:33 ERROR ErrorCrmController:27 - Resource not found
2023-01-05 18:21:38 ERROR ErrorCrmController:27 - Resource not found
2023-01-05 18:21:55 ERROR ErrorCrmController:27 - Resource not found
2023-01-05 18:22:00 ERROR ErrorCrmController:27 - Resource not found
2023-01-05 18:29:35 INFO  SupplyCrmApplication:13 - Start CRM
2023-01-05 18:30:25 ERROR ErrorCrmController:27 - Resource not found
2023-01-05 18:31:44 INFO  SupplyCrmApplication:13 - Start CRM
2023-01-05 18:31:45 ERROR ErrorCrmController:27 - Resource not found
2023-01-05 18:31:48 ERROR ErrorCrmController:27 - Resource not found
2023-01-05 18:31:49 ERROR ErrorCrmController:27 - Resource not found
2023-01-05 18:31:49 ERROR ErrorCrmController:27 - Resource not found
2023-01-05 18:31:49 ERROR ErrorCrmController:27 - Resource not found
2023-01-05 18:31:50 ERROR ErrorCrmController:27 - Resource not found
2023-01-05 18:32:03 ERROR ErrorCrmController:27 - Resource not found
2023-01-05 18:32:17 ERROR ErrorCrmController:27 - Resource not found
2023-01-05 18:46:54 INFO  SupplyCrmApplication:13 - Start CRM
2023-01-05 18:46:54 ERROR ErrorCrmController:27 - Resource not found
2023-01-05 18:47:09 ERROR ErrorCrmController:27 - Resource not found
2023-01-05 18:47:32 INFO  SupplyCrmApplication:13 - Start CRM
2023-01-05 18:47:35 ERROR ErrorCrmController:27 - Resource not found
2023-01-05 18:47:36 ERROR ErrorCrmController:27 - Resource not found
2023-01-05 18:47:37 ERROR ErrorCrmController:27 - Resource not found
2023-01-05 18:47:39 ERROR ErrorCrmController:27 - Resource not found
2023-01-05 18:47:45 ERROR ErrorCrmController:27 - Resource not found
2023-01-05 18:48:14 ERROR ErrorCrmController:27 - Resource not found
2023-01-05 18:48:35 INFO  SupplyCrmApplication:13 - Start CRM
2023-01-05 18:54:26 INFO  SupplyCrmApplication:13 - Start CRM
2023-01-05 18:55:38 INFO  SupplyCrmApplication:13 - Start CRM
2023-01-05 18:56:03 ERROR UserServiceImpl:84 - User not found
2023-01-05 18:56:03 ERROR ErrorCrmController:34 - General error
2023-01-05 18:56:06 ERROR UserServiceImpl:84 - User not found
2023-01-05 18:56:06 ERROR ErrorCrmController:34 - General error
2023-01-05 18:58:58 INFO  SupplyCrmApplication:13 - Start CRM
2023-01-05 18:59:05 ERROR UserServiceImpl:84 - User not found
2023-01-05 18:59:11 ERROR UserServiceImpl:84 - User not found
2023-01-05 19:10:58 INFO  SupplyCrmApplication:13 - Start CRM
2023-01-05 19:11:06 ERROR UserServiceImpl:84 - User not found
2023-01-05 19:11:30 INFO  SupplyCrmApplication:13 - Start CRM
2023-01-05 19:12:06 INFO  SupplyCrmApplication:13 - Start CRM
2023-01-05 19:12:09 ERROR ErrorCrmController:24 - Access denied
2023-01-05 19:12:23 ERROR ErrorCrmController:34 - General error
2023-01-05 19:12:59 INFO  SupplyCrmApplication:13 - Start CRM
2023-01-05 19:13:31 ERROR ErrorCrmController:34 - General error
2023-01-05 19:13:58 ERROR ErrorCrmController:34 - General error
2023-01-05 19:15:13 ERROR ErrorCrmController:34 - General error
2023-01-05 19:15:43 ERROR ErrorCrmController:34 - General error
2023-01-05 19:16:24 INFO  SupplyCrmApplication:13 - Start CRM
2023-01-05 19:20:22 ERROR OrderServiceImpl:61 - Order not found
2023-01-05 19:20:22 ERROR OrderServiceImpl:81 - User not found
2023-01-05 19:22:00 ERROR OrderServiceImpl:61 - Order not found
2023-01-05 19:22:00 ERROR OrderServiceImpl:81 - User not found
2023-01-05 19:22:24 ERROR OrderServiceImpl:61 - Order not found
2023-01-05 19:22:24 ERROR OrderServiceImpl:81 - User not found
2023-01-05 19:23:20 ERROR OrderServiceImpl:61 - Order not found
2023-01-05 19:23:20 ERROR OrderServiceImpl:81 - User not found
2023-01-05 23:38:23 ERROR OrderServiceImpl:61 - Order not found
2023-01-05 23:38:23 ERROR OrderServiceImpl:81 - User not found
2023-01-06 09:34:17 ERROR OrderServiceImpl:61 - Order not found
2023-01-06 09:34:17 ERROR OrderServiceImpl:81 - User not found
2023-01-06 09:35:19 INFO  SupplyCrmApplication:13 - Start CRM
2023-01-06 10:07:46 ERROR ErrorCrmController:27 - Resource not found
2023-01-06 10:07:47 ERROR ErrorCrmController:27 - Resource not found
2023-01-06 10:10:52 ERROR ErrorCrmController:34 - General error
2023-01-06 10:16:34 INFO  SupplyCrmApplication:13 - Start CRM
2023-01-06 12:00:12 INFO  SupplyCrmApplication:13 - Start CRM
2023-01-06 18:22:23 ERROR OrderServiceImpl:61 - Order not found
2023-01-06 18:22:23 ERROR OrderServiceImpl:81 - User not found
2023-01-06 18:24:53 ERROR OrderServiceImpl:61 - Order not found
2023-01-06 18:24:53 ERROR OrderServiceImpl:81 - User not found
2023-01-06 18:29:36 ERROR OrderServiceImpl:61 - Order not found
2023-01-06 18:29:36 ERROR OrderServiceImpl:81 - User not found
2023-01-06 18:32:34 ERROR OrderServiceImpl:61 - Order not found
2023-01-06 18:32:34 ERROR OrderServiceImpl:81 - User not found
2023-01-06 18:34:53 ERROR OrderServiceImpl:61 - Order not found
2023-01-06 18:34:53 ERROR OrderServiceImpl:81 - User not found
2023-01-06 18:37:25 ERROR OrderServiceImpl:61 - Order not found
2023-01-06 18:37:25 ERROR OrderServiceImpl:81 - User not found
2023-01-06 18:44:07 ERROR OrderServiceImpl:61 - Order not found
2023-01-06 18:44:07 ERROR OrderServiceImpl:81 - User not found
2023-01-06 18:46:29 ERROR OrderServiceImpl:61 - Order not found
2023-01-06 18:46:29 ERROR OrderServiceImpl:81 - User not found
2023-01-06 18:48:14 ERROR OrderServiceImpl:61 - Order not found
2023-01-06 18:48:14 ERROR OrderServiceImpl:81 - User not found
2023-01-06 18:51:45 ERROR OrderServiceImpl:61 - Order not found
2023-01-06 18:51:45 ERROR OrderServiceImpl:81 - User not found
2023-01-06 18:55:11 ERROR OrderServiceImpl:61 - Order not found
2023-01-06 18:55:11 ERROR OrderServiceImpl:81 - User not found
2023-01-06 18:56:26 ERROR OrderServiceImpl:61 - Order not found
2023-01-06 18:56:26 ERROR OrderServiceImpl:81 - User not found
2023-01-06 18:57:56 ERROR OrderServiceImpl:61 - Order not found
2023-01-06 18:57:56 ERROR OrderServiceImpl:81 - User not found
2023-01-06 19:02:01 INFO  SupplyCrmApplication:13 - Start CRM
2023-01-06 19:02:18 ERROR ErrorCrmController:27 - Resource not found
2023-01-06 21:06:41 ERROR ErrorCrmController:24 - Access denied
2023-01-06 21:08:52 ERROR UserServiceImpl:84 - User not found
2023-01-06 21:08:53 ERROR ErrorCrmController:34 - General error
2023-01-06 21:08:58 ERROR ErrorCrmController:34 - General error
2023-01-06 22:10:32 ERROR OrderServiceImpl:61 - Order not found
2023-01-06 22:10:32 ERROR OrderServiceImpl:81 - User not found
2023-01-06 22:10:53 ERROR ErrorCrmController:27 - Resource not found
2023-01-06 22:11:12 ERROR ErrorCrmController:27 - Resource not found
2023-01-07 10:47:13 ERROR ErrorCrmController:24 - Access denied
2023-01-07 11:23:54 ERROR OrderServiceImpl:61 - Order not found
2023-01-07 11:23:54 ERROR OrderServiceImpl:81 - User not found
2023-01-07 11:25:41 INFO  SupplyCrmApplication:13 - Start CRM
2023-01-07 11:25:41 ERROR ErrorCrmController:24 - Access denied
2023-01-07 12:15:25 ERROR OrderServiceImpl:61 - Order not found
2023-01-07 12:15:25 ERROR OrderServiceImpl:81 - User not found
2023-01-07 12:16:24 ERROR OrderServiceImpl:61 - Order not found
2023-01-07 12:16:24 ERROR OrderServiceImpl:81 - User not found
2023-01-07 18:12:33 INFO  SupplyCrmApplication:13 - Start CRM
2023-01-07 18:12:43 ERROR ErrorCrmController:24 - Access denied
2023-01-07 18:12:48 ERROR ErrorCrmController:24 - Access denied
